2024-09-24 15:41:57,482 - WARNING - This is a warning message
2024-09-24 15:41:57,482 - ERROR - This is an error message
2024-09-24 16:04:42,094 - WARNING - This is a warning message
2024-09-24 16:04:42,094 - ERROR - This is an error message
2024-09-24 16:09:18,811 - WARNING - This is a warning message
2024-09-24 16:09:18,842 - ERROR - This is an error message
2024-09-24 18:08:33,042 - WARNING - This is a warning message
2024-09-24 18:08:33,043 - ERROR - This is an error message
2024-09-24 18:42:24,318 - WARNING - This is a warning message
2024-09-24 18:42:24,319 - ERROR - This is an error message
2024-09-24 18:50:25,653 - WARNING - This is a warning message
2024-09-24 18:50:25,653 - ERROR - This is an error message
2024-09-24 18:57:53,207 - WARNING - This is a warning message
2024-09-24 18:57:53,207 - ERROR - This is an error message
2024-09-24 19:08:58,021 - WARNING - This is a warning message
2024-09-24 19:08:58,022 - ERROR - This is an error message
2024-09-24 19:26:14,102 - WARNING - This is a warning message
2024-09-24 19:26:14,102 - ERROR - This is an error message
2024-09-24 20:09:29,449 - WARNING - This is a warning message
2024-09-24 20:09:29,449 - ERROR - This is an error message
2024-09-24 20:12:15,063 - WARNING - This is a warning message
2024-09-24 20:12:15,064 - ERROR - This is an error message
2024-09-24 20:33:08,976 - WARNING - This is a warning message
2024-09-24 20:33:08,977 - ERROR - This is an error message
2024-09-24 20:37:46,577 - WARNING - This is a warning message
2024-09-24 20:37:46,578 - ERROR - This is an error message
2024-09-24 20:47:53,370 - WARNING - This is a warning message
2024-09-24 20:47:53,371 - ERROR - This is an error message
2024-09-24 20:52:00,430 - WARNING - This is a warning message
2024-09-24 20:52:00,431 - ERROR - This is an error message
2024-09-24 20:54:33,885 - WARNING - This is a warning message
2024-09-24 20:54:33,886 - ERROR - This is an error message
2024-09-24 22:27:39,503 - WARNING - This is a warning message
2024-09-24 22:27:39,504 - ERROR - This is an error message
2024-09-24 22:31:21,064 - WARNING - This is a warning message
2024-09-24 22:31:21,065 - ERROR - This is an error message
2024-09-24 22:32:51,366 - WARNING - This is a warning message
2024-09-24 22:32:51,367 - ERROR - This is an error message
2024-09-24 22:37:43,904 - WARNING - This is a warning message
2024-09-24 22:37:43,904 - ERROR - This is an error message
2024-09-24 22:38:39,779 - WARNING - This is a warning message
2024-09-24 22:38:39,780 - ERROR - This is an error message
2024-09-24 22:39:22,216 - WARNING - This is a warning message
2024-09-24 22:39:22,217 - ERROR - This is an error message
2024-09-24 22:51:45,195 - WARNING - This is a warning message
2024-09-24 22:51:45,196 - ERROR - This is an error message
2024-09-24 22:53:56,887 - WARNING - This is a warning message
2024-09-24 22:53:56,888 - ERROR - This is an error message
2024-09-24 22:59:08,793 - WARNING - This is a warning message
2024-09-24 22:59:08,793 - ERROR - This is an error message
2024-09-24 23:00:41,790 - WARNING - This is a warning message
2024-09-24 23:00:41,791 - ERROR - This is an error message
2024-09-24 23:01:23,786 - WARNING - This is a warning message
2024-09-24 23:01:23,787 - ERROR - This is an error message
2024-09-24 23:02:34,621 - WARNING - This is a warning message
2024-09-24 23:02:34,622 - ERROR - This is an error message
2024-09-24 23:04:14,359 - WARNING - This is a warning message
2024-09-24 23:04:14,360 - ERROR - This is an error message
2024-09-24 23:06:02,596 - WARNING - This is a warning message
2024-09-24 23:06:02,597 - ERROR - This is an error message
2024-09-24 23:27:59,994 - WARNING - This is a warning message
2024-09-24 23:27:59,994 - ERROR - This is an error message
2024-09-25 11:07:13,495 - WARNING - This is a warning message
2024-09-25 11:07:13,495 - ERROR - This is an error message
2024-09-25 11:12:36,133 - WARNING - This is a warning message
2024-09-25 11:12:36,133 - ERROR - This is an error message
2024-09-25 11:19:21,696 - WARNING - This is a warning message
2024-09-25 11:19:21,696 - ERROR - This is an error message
2024-09-25 12:04:20,944 - WARNING - This is a warning message
2024-09-25 12:04:20,945 - ERROR - This is an error message
2024-09-25 12:14:49,721 - WARNING - This is a warning message
2024-09-25 12:14:49,722 - ERROR - This is an error message
2024-09-25 12:53:45,715 - WARNING - This is a warning message
2024-09-25 12:53:45,715 - ERROR - This is an error message
2024-09-25 13:11:30,303 - WARNING - This is a warning message
2024-09-25 13:11:30,303 - ERROR - This is an error message
2024-09-25 13:15:25,488 - WARNING - This is a warning message
2024-09-25 13:15:25,488 - ERROR - This is an error message
2024-09-25 14:05:15,726 - WARNING - This is a warning message
2024-09-25 14:05:15,727 - ERROR - This is an error message
2024-09-25 14:07:40,694 - WARNING - This is a warning message
2024-09-25 14:07:40,694 - ERROR - This is an error message
2024-09-25 14:13:43,340 - WARNING - This is a warning message
2024-09-25 14:13:43,340 - ERROR - This is an error message
2024-09-25 14:30:41,477 - WARNING - This is a warning message
2024-09-25 14:30:41,477 - ERROR - This is an error message
2024-09-25 14:34:53,722 - WARNING - This is a warning message
2024-09-25 14:34:53,722 - ERROR - This is an error message
2024-09-25 14:35:40,458 - WARNING - This is a warning message
2024-09-25 14:35:40,458 - ERROR - This is an error message
2024-09-25 14:38:12,768 - WARNING - This is a warning message
2024-09-25 14:38:12,768 - ERROR - This is an error message
2024-09-25 14:43:16,854 - WARNING - This is a warning message
2024-09-25 14:43:16,854 - ERROR - This is an error message
2024-09-25 14:48:11,313 - WARNING - This is a warning message
2024-09-25 14:48:11,313 - ERROR - This is an error message
2024-09-25 14:49:26,028 - WARNING - This is a warning message
2024-09-25 14:49:26,028 - ERROR - This is an error message
2024-09-25 14:51:43,231 - WARNING - This is a warning message
2024-09-25 14:51:43,231 - ERROR - This is an error message
2024-09-25 15:00:13,816 - WARNING - This is a warning message
2024-09-25 15:00:13,816 - ERROR - This is an error message
2024-09-25 15:10:57,828 - WARNING - This is a warning message
2024-09-25 15:10:57,828 - ERROR - This is an error message
2024-09-25 15:14:28,015 - WARNING - This is a warning message
2024-09-25 15:14:28,015 - ERROR - This is an error message
2024-09-25 15:18:45,117 - WARNING - This is a warning message
2024-09-25 15:18:45,123 - ERROR - This is an error message
2024-09-25 15:32:34,484 - WARNING - This is a warning message
2024-09-25 15:32:34,484 - ERROR - This is an error message
2024-09-25 15:35:41,319 - WARNING - This is a warning message
2024-09-25 15:35:41,319 - ERROR - This is an error message
2024-09-25 15:45:18,392 - WARNING - This is a warning message
2024-09-25 15:45:18,392 - ERROR - This is an error message
2024-09-25 15:49:47,377 - WARNING - This is a warning message
2024-09-25 15:49:47,383 - ERROR - This is an error message
2024-09-25 15:52:01,641 - WARNING - This is a warning message
2024-09-25 15:52:01,641 - ERROR - This is an error message
2024-09-25 16:11:03,188 - WARNING - This is a warning message
2024-09-25 16:11:03,196 - ERROR - This is an error message
2024-09-25 19:58:42,632 - WARNING - This is a warning message
2024-09-25 19:58:42,633 - ERROR - This is an error message
2024-09-25 20:02:35,206 - WARNING - This is a warning message
2024-09-25 20:02:35,208 - ERROR - This is an error message
2024-09-25 20:05:17,001 - WARNING - This is a warning message
2024-09-25 20:05:17,002 - ERROR - This is an error message
2024-09-26 11:47:33,868 - WARNING - This is a warning message
2024-09-26 11:47:33,868 - ERROR - This is an error message
2024-09-26 12:02:08,647 - WARNING - This is a warning message
2024-09-26 12:02:08,647 - ERROR - This is an error message
2024-09-26 12:43:06,414 - WARNING - This is a warning message
2024-09-26 12:43:06,414 - ERROR - This is an error message
2024-09-26 12:51:52,114 - WARNING - This is a warning message
2024-09-26 12:51:52,116 - ERROR - This is an error message
2024-09-26 16:00:04,683 - WARNING - This is a warning message
2024-09-26 16:00:04,684 - ERROR - This is an error message
2024-09-26 16:02:51,058 - WARNING - This is a warning message
2024-09-26 16:02:51,059 - ERROR - This is an error message
2024-09-26 20:11:38,037 - WARNING - This is a warning message
2024-09-26 20:11:38,037 - ERROR - This is an error message
2024-09-26 23:57:30,907 - WARNING - This is a warning message
2024-09-26 23:57:30,907 - ERROR - This is an error message
2024-09-26 23:57:35,755 - WARNING - This is a warning message
2024-09-26 23:57:35,755 - ERROR - This is an error message
2024-09-27 10:53:52,056 - WARNING - This is a warning message
2024-09-27 10:53:52,056 - ERROR - This is an error message
2024-09-27 10:59:51,699 - WARNING - This is a warning message
2024-09-27 10:59:51,707 - ERROR - This is an error message
2024-09-27 11:08:02,756 - WARNING - This is a warning message
2024-09-27 11:08:02,756 - ERROR - This is an error message
2024-09-27 11:16:45,913 - WARNING - This is a warning message
2024-09-27 11:16:45,913 - ERROR - This is an error message
2024-09-27 11:20:57,802 - WARNING - This is a warning message
2024-09-27 11:20:57,802 - ERROR - This is an error message
2024-09-28 10:12:45,239 - WARNING - This is a warning message
2024-09-28 10:12:45,239 - ERROR - This is an error message
2024-09-28 10:13:19,427 - ERROR -  | AutoAcc | SshLibraryV2.py:153 | EOF recvd on channel
2024-09-28 10:13:19,455 - ERROR -  | AutoAcc | ApCliV2.py:56 | SSH Failed to login to AP. IP: 10.174.122.37  username: admin  password: Lab4man!@#
2024-09-28 10:13:48,306 - WARNING - This is a warning message
2024-09-28 10:13:48,306 - ERROR - This is an error message
2024-09-28 10:14:36,722 - ERROR -  | AutoAcc | SshLibraryV2.py:153 | EOF recvd on channel
2024-09-28 10:14:36,740 - ERROR -  | AutoAcc | ApCliV2.py:56 | SSH Failed to login to AP. IP: 10.174.122.37  username: admin  password: Lab4man!@#
2024-09-28 10:16:56,027 - WARNING - This is a warning message
2024-09-28 10:16:56,027 - ERROR - This is an error message
2024-09-28 10:18:32,385 - WARNING - This is a warning message
2024-09-28 10:18:32,385 - ERROR - This is an error message
2024-09-28 11:57:19,588 - WARNING - This is a warning message
2024-09-28 11:57:19,589 - ERROR - This is an error message
2024-09-28 12:11:46,670 - WARNING - This is a warning message
2024-09-28 12:11:46,670 - ERROR - This is an error message
2024-09-28 12:15:46,374 - WARNING - This is a warning message
2024-09-28 12:15:46,376 - ERROR - This is an error message
2024-09-28 12:16:58,818 - WARNING - This is a warning message
2024-09-28 12:16:58,819 - ERROR - This is an error message
2024-09-28 12:32:50,642 - WARNING - This is a warning message
2024-09-28 12:32:50,642 - ERROR - This is an error message
2024-09-28 12:39:36,673 - WARNING - This is a warning message
2024-09-28 12:39:36,674 - ERROR - This is an error message
2024-09-28 13:19:34,990 - WARNING - This is a warning message
2024-09-28 13:19:34,991 - ERROR - This is an error message
2024-09-28 13:21:25,540 - WARNING - This is a warning message
2024-09-28 13:21:25,541 - ERROR - This is an error message
2024-09-28 13:25:52,605 - WARNING - This is a warning message
2024-09-28 13:25:52,606 - ERROR - This is an error message
2024-09-28 13:58:47,620 - WARNING - This is a warning message
2024-09-28 13:58:47,620 - ERROR - This is an error message
2024-09-28 14:15:34,561 - WARNING - This is a warning message
2024-09-28 14:15:34,561 - ERROR - This is an error message
2024-09-28 14:16:21,885 - WARNING - This is a warning message
2024-09-28 14:16:21,886 - ERROR - This is an error message
2024-09-28 14:29:34,391 - WARNING - This is a warning message
2024-09-28 14:29:34,391 - ERROR - This is an error message
2024-09-30 09:38:13,733 - WARNING - This is a warning message
2024-09-30 09:38:13,733 - ERROR - This is an error message
2024-09-30 09:39:47,673 - WARNING - This is a warning message
2024-09-30 09:39:47,673 - ERROR - This is an error message
2024-09-30 09:40:22,157 - ERROR -  | AutoAcc | SshLibraryV2.py:153 | EOF recvd on channel
2024-09-30 09:40:22,193 - ERROR -  | AutoAcc | ApCliV2.py:56 | SSH Failed to login to AP. IP: 10.174.122.37  username: admin  password: Ruckus1!
2024-09-30 09:41:29,274 - WARNING - This is a warning message
2024-09-30 09:41:29,277 - ERROR - This is an error message
2024-09-30 10:03:26,266 - WARNING - This is a warning message
2024-09-30 10:03:26,266 - ERROR - This is an error message
2024-09-30 10:10:26,679 - WARNING - This is a warning message
2024-09-30 10:10:26,679 - ERROR - This is an error message
2024-09-30 14:14:11,809 - WARNING - This is a warning message
2024-09-30 14:14:11,809 - ERROR - This is an error message
2024-10-04 21:13:56,520 - WARNING - This is a warning message
2024-10-04 21:13:56,523 - ERROR - This is an error message
2024-10-05 18:20:00,436 - WARNING - This is a warning message
2024-10-05 18:20:00,436 - ERROR - This is an error message
2024-10-05 18:23:26,186 - WARNING - This is a warning message
2024-10-05 18:23:26,186 - ERROR - This is an error message
2024-10-05 18:24:38,965 - WARNING - This is a warning message
2024-10-05 18:24:38,965 - ERROR - This is an error message
2024-10-05 18:26:59,517 - WARNING - This is a warning message
2024-10-05 18:26:59,517 - ERROR - This is an error message
2024-10-05 18:34:26,599 - WARNING - This is a warning message
2024-10-05 18:34:26,599 - ERROR - This is an error message
2024-10-05 18:38:31,765 - WARNING - This is a warning message
2024-10-05 18:38:31,771 - ERROR - This is an error message
2024-10-05 18:39:22,346 - WARNING - This is a warning message
2024-10-05 18:39:22,346 - ERROR - This is an error message
2024-10-05 18:42:56,912 - WARNING - This is a warning message
2024-10-05 18:42:56,912 - ERROR - This is an error message
2024-10-05 18:45:02,530 - WARNING - This is a warning message
2024-10-05 18:45:02,530 - ERROR - This is an error message
